--------------------------------------------------------------
Now start loudness matching...
Matching pool: [300, 566, 1068, 3805, [220, 660], [440, 1320]]
Now start matching round 1
[-10.999860237015344, -8.499892001330043, -4.999936471370613, -4.999936471370613, -9.999872942741227, -12.999834825563594]
Now start matching round 2
[-7.999898354192981, -8.999885648467105, -4.499942824233551, -6.499917412781797, -7.999898354192981, -9.999872942741227]
Finished baseline matching, now start adaptive matching...
----------------------- new matching -------------------------
Current convergence status: [False False False False False False]
This matching pool: [300 566 1068 3805 list([220, 660]) list([440, 1320])]
New matched levels: [-9.499879295604165, -7.49990470705592, -6.999911059918857, -7.499904707055917, -9.999872942741227, -10.499866589878287]
Upper bounds: [-6.99609458 -6.24610411 -2.24615493 -3.24614222 -6.49610093 -8.99606917]
Lower bounds: [-12.00366401 -11.25367354  -7.25372437  -8.25371166 -11.50367037
 -14.0036386 ]
Updated convergence status: [ True  True  True  True  True  True]
--------------------------------------------------------------
Matching finished!
Averaged matched levels: [ -9.4998793   -8.33322745  -5.49993012  -6.33325286  -9.33321475
 -11.16652479]
--------------------------------------------------------------
Now start tonotopy task...
cycles per run: 5
run number: 4
Now running round 1
